<?xml version="1.0" encoding="UTF-8"?>
<testsuite xmlns:xsi="http://www.w3.org/2001/XMLSchema-instance" xsi:noNamespaceSchemaLocation="https://maven.apache.org/surefire/maven-surefire-plugin/xsd/surefire-test-report-3.0.xsd" version="3.0" name="ServerTest" time="1.485" tests="4" errors="0" skipped="0" failures="0">
  <properties>
[...]
</properties>
  <testcase name="testForwardMessage" classname="ServerTest" time="0.266"/>
  <testcase name="testAddUser" classname="ServerTest" time="0.625"/>
  <testcase name="testStartCommunication" classname="ServerTest" time="0.14">
    <system-out><![CDATA[The shared secrets are different
]]></system-out>
  </testcase>
  <testcase name="testDistributeCertificate" classname="ServerTest" time="0.438">
    <system-out><![CDATA[Expected certificate: Certificate{username='user1', publicKey=Sun RSA public key, 2048 bits
  params: null
  modulus: 19037269753027741077292354315188370525656018326993038866212154507337540114583162315110152867885143735623993470144823494771690568037023325723179260957030150745421145642111289465394369945254899076774140067819000609865772399378983607343180200149096245640552877875181940024680425714097930961271569727695442870484596937795526858899524392273769620034734074010549002868803525301429334439368900007010335511707364958929806811711025377575334941726906337126495011586718712045666715902942032255428232031945063275639569846188480473293365344946441201876731206535321240021899680461258422129280520157002903963183824993552469253565789
  public exponent: 65537, valid=false, signature='null'}
Expected certificate: Certificate{username='user2', publicKey=Sun RSA public key, 2048 bits
  params: null
  modulus: 27505005926629380184150396170580464771036297101542839757090157734384592266484802800038320716335131902663258645090124502197091605553458287471708458489337491029342348809205168855649980446905834300578201331407924507713646464809400658385626460508121123483724957456438558663013056254736793787091031452495520932702223005222625409416266449076280864217884983951110228126351762590902737559804128972909444414849238867549122547909387082082115898060706452784292150796627479655750088424330251592876840514883684368144988434337791941310438281702769246627969927922565330655069183940070852380276851945634951366633162962135064863454527
  public exponent: 65537, valid=false, signature='null'}
Expected certificate: Certificate{username='user3', publicKey=Sun RSA public key, 2048 bits
  params: null
  modulus: 23522240269828482397113123713998915000539136999774210561155772633774522246998262691909127049488045057046313614319928205897224182006599784346571583675067705601942513976179857440335933860519825865207222228539782943785856511921060018872465096114037387951803473336269667256067448164518991087806566994277944393654061976946176346087591188446684420814389145821536127583590433681813218387771492145696744828877470332477865413422564180797221641563595123274267989628546895330294925927525197078270348812601766743206519604609006469641601367544654801929098832333795387059715837522256850775966847957667392536308127029220628614461731
  public exponent: 65537, valid=false, signature='null'}
Received certificate: Certificate{username='user1', publicKey=Sun RSA public key, 2048 bits
  params: null
  modulus: 19037269753027741077292354315188370525656018326993038866212154507337540114583162315110152867885143735623993470144823494771690568037023325723179260957030150745421145642111289465394369945254899076774140067819000609865772399378983607343180200149096245640552877875181940024680425714097930961271569727695442870484596937795526858899524392273769620034734074010549002868803525301429334439368900007010335511707364958929806811711025377575334941726906337126495011586718712045666715902942032255428232031945063275639569846188480473293365344946441201876731206535321240021899680461258422129280520157002903963183824993552469253565789
  public exponent: 65537, valid=true, signature='j+0DNSbYsszWrlkZ7IMTKuiTtuC77/ccNWWluAyggXfXWtwPavNLlHpxwAve1ABrQaqGLzo2/uMhg1sZw7hdU+AR2u4+QyRqqtmhl/AJysZxV+WD8LDro5MUWgE/k6oIU5NWn15RU9c8whQdf9tit6ElD/X34wmP5GYmbFHFPnVvT54edY3thYAgpGIOD/UlItPfTtW8poo7EkMjseC9bQ/0KNNhWMjeujxq+1fVYQdk2WfQojXr6CGaZzI0dVVk6epS58Tz4CHbJHr8khsV9AtcXvGzAjpD/FEvuv3UUch5lSFOUOKd/8q0/z8FBKPbHLqQRMF3iBaIjrBn2xDs1g=='}
Received certificate: Certificate{username='user2', publicKey=Sun RSA public key, 2048 bits
  params: null
  modulus: 27505005926629380184150396170580464771036297101542839757090157734384592266484802800038320716335131902663258645090124502197091605553458287471708458489337491029342348809205168855649980446905834300578201331407924507713646464809400658385626460508121123483724957456438558663013056254736793787091031452495520932702223005222625409416266449076280864217884983951110228126351762590902737559804128972909444414849238867549122547909387082082115898060706452784292150796627479655750088424330251592876840514883684368144988434337791941310438281702769246627969927922565330655069183940070852380276851945634951366633162962135064863454527
  public exponent: 65537, valid=true, signature='GILLt4P0T/qpMlmpiSTCs6MlFy80rYh22fk5Hkm0DPu99bO8t15Y4dQRdha9XbcRn5zx8ZYhHLtN0KLdqj3C82/taDWEj0g3+cQ8fCDjUC4ApKhzkLvOK+Mv37viZqyfefvzw5L4xPNt11TfT8RGk80luQPZRo5XHVNhYbF9I6tGfT1GLAUeC9GdV8u+8ORQYWoJjCdX3gdThmoHKF8IAnUkdSTVRB/gzvxKWsbD5C7tnTJdqnbC1S71Kk0DxmcFR5fJneywQ03h5M26YJ2bddyNVYsusyLLfQLawQdal4UOEKETh7sRUvTO/lBwWH8dXuCvvGdSY2elHU+eogSJVg=='}
Received certificate: Certificate{username='user3', publicKey=Sun RSA public key, 2048 bits
  params: null
  modulus: 23522240269828482397113123713998915000539136999774210561155772633774522246998262691909127049488045057046313614319928205897224182006599784346571583675067705601942513976179857440335933860519825865207222228539782943785856511921060018872465096114037387951803473336269667256067448164518991087806566994277944393654061976946176346087591188446684420814389145821536127583590433681813218387771492145696744828877470332477865413422564180797221641563595123274267989628546895330294925927525197078270348812601766743206519604609006469641601367544654801929098832333795387059715837522256850775966847957667392536308127029220628614461731
  public exponent: 65537, valid=true, signature='X0IIl+rYtGBn6DI7TTIOIBn1Dzz6ZEniklDJD83PgVaW/6DFmrpHezfbxIQA1X+ONH3Ig62tbW5hnqelgyqY0Lqc90NYC22yjC0cx4hxkXzwbG3dSRfyh7X6a/nd+N/SJ7v5kaKfrPBfIHV4Mckj+X3fgTS5zuiaeCCknGek4cZvNQgePX3ZZj9yIevNqDJwrfFuBFXHRXvMvS9zR0QHWdAYd3G/dKa8yG+SLY5tKPnNS+sHbgxkvZNbhE7sLbZb+AszbmYvvqSt1d8YsazHArndouI130f1KlkhdX/M8wnNT5e1h9h+VZQAjL3MRUKdH9uV5URao2aCf4cJpOhoWQ=='}
Certificate1 is not valid
Certificate2 is not valid
Certificate3 is not valid
]]></system-out>
  </testcase>
</testsuite>