<?xml version="1.0" encoding="UTF-8"?>
<testsuite xmlns:xsi="http://www.w3.org/2001/XMLSchema-instance" xsi:noNamespaceSchemaLocation="https://maven.apache.org/surefire/maven-surefire-plugin/xsd/surefire-test-report-3.0.xsd" version="3.0" name="ServerTest" time="1.172" tests="4" errors="0" skipped="0" failures="0">
  <properties>
[...]
</properties>
  <testcase name="testForwardMessage" classname="ServerTest" time="0.39"/>
  <testcase name="testAddUser" classname="ServerTest" time="0.172"/>
  <testcase name="testStartCommunication" classname="ServerTest" time="0.156">
    <system-out><![CDATA[The shared secrets are different
]]></system-out>
  </testcase>
  <testcase name="testDistributeCertificate" classname="ServerTest" time="0.422">
    <system-out><![CDATA[Expected certificate: Certificate{username='user1', publicKey=Sun RSA public key, 2048 bits
  params: null
  modulus: 26827758669055307103175135124969246036947685041460126021640904153429429434739160532431820997018452223201708155969006762605345722679680453592715531305454597513572049456897586680322142049854113973281731365534731130509568651222859537345625062056196057715195196195257069247271610388663628243969079714283945163140100967059903406509463539066437728411440173330992988186451481298478074842182056566710547275697088912907189371486776165253175920979779984000978932019598058600718892405739419272635600785307006329414483412039626217205123534558223513964551104908598267147031783604155195010258584693309684545672539859797158130337407
  public exponent: 65537, valid=false, signature='null'}
Expected certificate: Certificate{username='user2', publicKey=Sun RSA public key, 2048 bits
  params: null
  modulus: 18473191784965051230359565087628351829783364956031196554522106030508872484673198762041787927694948765537185334839058794753101040630629197426957822160691146188913288127509761694929384064467836169044915134199433338652222025215358672508398951143529047272724278705120534991768469847904046477292659535892203164873214419829048457682727766942708397628276223514810460460638885278282856794541288255181851719500061641089199966653021604661792835430744579724328523686402107500477020924900070332285533560972176007189211975218696521650251665456264310218590186945933027227115934349117776322506784544704323271832485440989290823025713
  public exponent: 65537, valid=false, signature='null'}
Expected certificate: Certificate{username='user3', publicKey=Sun RSA public key, 2048 bits
  params: null
  modulus: 29576992814942321692521689136479708081054944387164977453233310844425869895111355611558396740741624347150791344502064852091256930143490451414917899954764041882912396286514957177137234566047977280947940632900109465933207363423112584149908617801985856828521187792125429524064779153268372993827450673396820737929834982545744319648318339196020521043677948949163528452344751692155967975439561279022194432219596236086537414895790600133166593155635713779131602929638581807187011095862871485766412604975012812155335365184560084806417255225462172590914668206601222912803446693601143683674524007406395493961552044147460536772263
  public exponent: 65537, valid=false, signature='null'}
Received certificate: Certificate{username='user1', publicKey=Sun RSA public key, 2048 bits
  params: null
  modulus: 26827758669055307103175135124969246036947685041460126021640904153429429434739160532431820997018452223201708155969006762605345722679680453592715531305454597513572049456897586680322142049854113973281731365534731130509568651222859537345625062056196057715195196195257069247271610388663628243969079714283945163140100967059903406509463539066437728411440173330992988186451481298478074842182056566710547275697088912907189371486776165253175920979779984000978932019598058600718892405739419272635600785307006329414483412039626217205123534558223513964551104908598267147031783604155195010258584693309684545672539859797158130337407
  public exponent: 65537, valid=true, signature='KrOQxyubcnbP5/HkKmRavNnXAN6eik75+76L/9/gBv9kKL8dHtIXHYq/svQjjxzh/UTMaZp1TfiqaKF6oEdNi6WXIfoNxwW8zWQf7eqw7XINhWGQ8aroBeNWON9xCPFiF3kd37U8bgU2GPNyhqcAd7KM11iyfPsSD4wfa7DTZeBULe1lbL3OmQuoQf0AoynvGlMvOW/Ei/4+sCtV0KzBYWSpWzj5YRuicU4Lb72ufe6By40iVfg24u/3tMs/tkRB6N4sjB8wE4biXSkxbruXLlBV8F7zevG2pdo478sQS6mIb3U+8/5Xufz8SLXDP8z8KsOSSKTL+nSmUcuKqVCWtg=='}
Received certificate: Certificate{username='user2', publicKey=Sun RSA public key, 2048 bits
  params: null
  modulus: 18473191784965051230359565087628351829783364956031196554522106030508872484673198762041787927694948765537185334839058794753101040630629197426957822160691146188913288127509761694929384064467836169044915134199433338652222025215358672508398951143529047272724278705120534991768469847904046477292659535892203164873214419829048457682727766942708397628276223514810460460638885278282856794541288255181851719500061641089199966653021604661792835430744579724328523686402107500477020924900070332285533560972176007189211975218696521650251665456264310218590186945933027227115934349117776322506784544704323271832485440989290823025713
  public exponent: 65537, valid=true, signature='GoZv4MGOY5uoe6lMeeu5Mg6hA82UxgPSt7vuZ6gGJcVh2YAJ4T5D0ltlbZQdnY/EIOCwdLFNPeTQSwrV37JD4iCAdMftOm4lUMP7aUPN8C4wxZKDiCj2ZDcGe/9LAYJL5DYmBKJb3+3ogpROqa8A5AL0VbOIuBuRbJQslXi9dJSWRODcK22m7FEKlVb2tuO9X6bSQgoeeJO2qtbAhOHTCB6gtBHlsQ8rh+z1w3hpFVOSXorGwE36MtZqolHEchVGdKFTP/wMj1QJuH4z+6bMqXmwTO4t4d3lrxoEKr/i6QM1MXXOHTPCmfuoJcdRutJ1aVTK6csLxTfkuJ9y2PH2sg=='}
Received certificate: Certificate{username='user3', publicKey=Sun RSA public key, 2048 bits
  params: null
  modulus: 29576992814942321692521689136479708081054944387164977453233310844425869895111355611558396740741624347150791344502064852091256930143490451414917899954764041882912396286514957177137234566047977280947940632900109465933207363423112584149908617801985856828521187792125429524064779153268372993827450673396820737929834982545744319648318339196020521043677948949163528452344751692155967975439561279022194432219596236086537414895790600133166593155635713779131602929638581807187011095862871485766412604975012812155335365184560084806417255225462172590914668206601222912803446693601143683674524007406395493961552044147460536772263
  public exponent: 65537, valid=true, signature='hRQgfPPnGwAV55B4JpHieIEZDw+OAtjApykxGwBwb9m/+pe3xrcdG3zXPQ43tuNzmSyy/fT6gW88pOdiWsF76wHrGSjqefavu8kMr6/xVB1V39t4tF+O8K7ew0C9d8pH8PJju69kJfO7JfALdqvWo3CvjgoSn0POdPty4MtFEzdyDUs8zloMBivZtfpVTiNt3Rm1qTEhimtKVB81tpR7XaMmL/Y0dyi9eFDnvSqivdv4pZAqCApAtW8DRehnWDt1GBlWuwi8ovlSsDpmmR85/YbjOjtrfVAmkTkZS0T/v1JKGZjGUA/Of2yAau/C8Fp879x/94ye/DXv6pBJmBtKLA=='}
Certificate1 is not valid
Certificate2 is not valid
Certificate3 is not valid
]]></system-out>
  </testcase>
</testsuite>